.next/dev/types/validator.ts(607,31): error TS2344: Type 'typeof import("D:/uni/Sem 5/SW project/Payroll-Subsystem/frontend/src/app/layout")' does not satisfy the constraint 'LayoutConfig<"/">'.
  Types of property 'default' are incompatible.
    Type '({ children, sidebar, }: Readonly<{ children: ReactNode; sidebar: ReactNode; }>) => Element' is not assignable to type 'ComponentType<LayoutProps<"/">> | ((props: LayoutProps<"/">) => void | ReactNode | Promise<ReactNode> | Promise<...>)'.
      Type '({ children, sidebar, }: Readonly<{ children: ReactNode; sidebar: ReactNode; }>) => Element' is not assignable to type 'FunctionComponent<LayoutProps<"/">>'.
        Types of parameters '__0' and 'props' are incompatible.
          Property 'sidebar' is missing in type 'LayoutProps<"/">' but required in type 'Readonly<{ children: ReactNode; sidebar: ReactNode; }>'.
src/app/payroll-tracking/actions.tsx(75,26): error TS2322: Type 'void' is not assignable to type 'Promise<void>'.
src/app/payroll-tracking/actions.tsx(81,11): error TS2322: Type '() => void' is not assignable to type '() => Promise<void>'.
  Type 'void' is not assignable to type 'Promise<void>'.
src/app/payroll-tracking/actions.tsx(126,11): error TS2322: Type '() => void' is not assignable to type '() => Promise<void>'.
  Type 'void' is not assignable to type 'Promise<void>'.
src/app/payroll-tracking/actions.tsx(132,11): error TS2322: Type '() => void' is not assignable to type '() => Promise<void>'.
  Type 'void' is not assignable to type 'Promise<void>'.
src/app/payroll-tracking/claims/page.tsx(114,15): error TS2322: Type '"actions"' is not assignable to type 'keyof ClaimRecord'.
src/app/payroll-tracking/disputes/page.tsx(90,15): error TS2322: Type '"actions"' is not assignable to type 'keyof DisputeRecord'.
